D:\SNAKE\DEBUG\SNAKE.EXE
D:\SNAKE\DEBUG\SNAKE.ILK
D:\SNAKE\DEBUG\SNAKE.PDB
D:\Snake\Snake\Debug\cl.command.1.tlog
D:\Snake\Snake\Debug\CL.read.1.tlog
D:\Snake\Snake\Debug\CL.write.1.tlog
D:\SNAKE\SNAKE\DEBUG\FUNCTION.OBJ
D:\Snake\Snake\Debug\link.2544.read.1.tlog
D:\Snake\Snake\Debug\link.2544.write.1.tlog
D:\Snake\Snake\Debug\link.2544-cvtres.read.1.tlog
D:\Snake\Snake\Debug\link.2544-cvtres.write.1.tlog
D:\Snake\Snake\Debug\link.command.1.tlog
D:\Snake\Snake\Debug\link.read.1.tlog
D:\Snake\Snake\Debug\link.write.1.tlog
D:\Snake\Snake\Debug\link-cvtres.read.1.tlog
D:\Snake\Snake\Debug\link-cvtres.write.1.tlog
D:\SNAKE\SNAKE\DEBUG\MAIN.OBJ
D:\Snake\Snake\Debug\mt.command.1.tlog
D:\Snake\Snake\Debug\mt.read.1.tlog
D:\Snake\Snake\Debug\mt.write.1.tlog
D:\Snake\Snake\Debug\rc.command.1.tlog
D:\Snake\Snake\Debug\rc.read.1.tlog
D:\Snake\Snake\Debug\rc.write.1.tlog
D:\SNAKE\SNAKE\DEBUG\SNAKE.EXE.EMBED.MANIFEST
D:\SNAKE\SNAKE\DEBUG\SNAKE.EXE.EMBED.MANIFEST.RES
D:\SNAKE\SNAKE\DEBUG\SNAKE.EXE.INTERMEDIATE.MANIFEST
D:\SNAKE\SNAKE\DEBUG\SNAKE.OBJ
D:\Snake\Snake\Debug\Snake_manifest.rc
D:\Snake\Snake\Debug\vc100.idb
D:\SNAKE\SNAKE\DEBUG\VC100.PDB
